-- The C compiler identification is GNU 11.4.0
-- The CXX compiler identification is GNU 11.4.0
-- Detecting C compiler ABI info
-- Detecting C compiler ABI info - done
-- Check for working C compiler: /usr/bin/cc - skipped
-- Detecting C compile features
-- Detecting C compile features - done
-- Detecting CXX compiler ABI info
-- Detecting CXX compiler ABI info - done
-- Check for working CXX compiler: /usr/bin/c++ - skipped
-- Detecting CXX compile features
-- Detecting CXX compile features - done
-- Found ament_cmake: 1.3.8 (/opt/ros/humble/share/ament_cmake/cmake)
-- Found Python3: /usr/bin/python3 (found version "3.10.12") found components: Interpreter 
-- Found ament_lint_auto: 0.12.10 (/opt/ros/humble/share/ament_lint_auto/cmake)
-- Added test 'cppcheck' to perform static code analysis on C / C++ code
-- Configured cppcheck include dirs: $<BUILD_INTERFACE:/home/luke/workspace/roboticsAssignment/turtlesim_automata/turtlesim_automata/include>
-- Configured cppcheck exclude dirs and/or files: 
-- Added test 'lint_cmake' to check CMake code style
-- Added test 'uncrustify' to check C / C++ code style
-- Configured uncrustify additional arguments: 
-- Added test 'xmllint' to check XML markup files
-- Configuring done
-- Generating done
-- Build files have been written to: /home/luke/workspace/roboticsAssignment/turtlesim_automata/build/turtlesim_automata
[ 50%] [32mBuilding CXX object CMakeFiles/turtlesim_automata_node.dir/src/turtlesim_automata_node.cpp.o[0m
[100%] [32m[1mLinking CXX executable turtlesim_automata_node[0m
[100%] Built target turtlesim_automata_node
-- Install configuration: ""
-- Installing: /home/luke/workspace/roboticsAssignment/turtlesim_automata/install/turtlesim_automata/lib/turtlesim_automata/turtlesim_automata_node
-- Installing: /home/luke/workspace/roboticsAssignment/turtlesim_automata/install/turtlesim_automata/share/ament_index/resource_index/package_run_dependencies/turtlesim_automata
-- Installing: /home/luke/workspace/roboticsAssignment/turtlesim_automata/install/turtlesim_automata/share/ament_index/resource_index/parent_prefix_path/turtlesim_automata
-- Installing: /home/luke/workspace/roboticsAssignment/turtlesim_automata/install/turtlesim_automata/share/turtlesim_automata/environment/ament_prefix_path.sh
-- Installing: /home/luke/workspace/roboticsAssignment/turtlesim_automata/install/turtlesim_automata/share/turtlesim_automata/environment/ament_prefix_path.dsv
-- Installing: /home/luke/workspace/roboticsAssignment/turtlesim_automata/install/turtlesim_automata/share/turtlesim_automata/environment/path.sh
-- Installing: /home/luke/workspace/roboticsAssignment/turtlesim_automata/install/turtlesim_automata/share/turtlesim_automata/environment/path.dsv
-- Installing: /home/luke/workspace/roboticsAssignment/turtlesim_automata/install/turtlesim_automata/share/turtlesim_automata/local_setup.bash
-- Installing: /home/luke/workspace/roboticsAssignment/turtlesim_automata/install/turtlesim_automata/share/turtlesim_automata/local_setup.sh
-- Installing: /home/luke/workspace/roboticsAssignment/turtlesim_automata/install/turtlesim_automata/share/turtlesim_automata/local_setup.zsh
-- Installing: /home/luke/workspace/roboticsAssignment/turtlesim_automata/install/turtlesim_automata/share/turtlesim_automata/local_setup.dsv
-- Installing: /home/luke/workspace/roboticsAssignment/turtlesim_automata/install/turtlesim_automata/share/turtlesim_automata/package.dsv
-- Installing: /home/luke/workspace/roboticsAssignment/turtlesim_automata/install/turtlesim_automata/share/ament_index/resource_index/packages/turtlesim_automata
-- Installing: /home/luke/workspace/roboticsAssignment/turtlesim_automata/install/turtlesim_automata/share/turtlesim_automata/cmake/turtlesim_automataConfig.cmake
-- Installing: /home/luke/workspace/roboticsAssignment/turtlesim_automata/install/turtlesim_automata/share/turtlesim_automata/cmake/turtlesim_automataConfig-version.cmake
-- Installing: /home/luke/workspace/roboticsAssignment/turtlesim_automata/install/turtlesim_automata/share/turtlesim_automata/package.xml
